<?xml version="1.0" encoding="UTF-8"?>
<!-- Generated by org.testng.reporters.JUnitReportReporter -->
<testsuite hostname="LAPTOP-7SD100EV" failures="0" tests="1" name="restAssuredTests.Get_Request" time="2.921" errors="0" timestamp="2022-10-13T19:06:52 IST" skipped="0">
  <testcase classname="restAssuredTests.Get_Request" name="getWeatherDetails" time="2.921"/>
  <system-out/>
</testsuite> <!-- restAssuredTests.Get_Request -->
