<?xml version="1.0" encoding="UTF-8"?>
<!-- Generated by org.testng.reporters.JUnitReportReporter -->
<testsuite hostname="LAPTOP-7SD100EV" failures="0" tests="1" name="testTitle.FbTitleTest" time="12.032" errors="0" timestamp="2022-10-13T08:50:21 IST" skipped="0">
  <testcase classname="testTitle.FbTitleTest" name="loginTest" time="12.032"/>
  <system-out/>
</testsuite> <!-- testTitle.FbTitleTest -->
